[2025-01-19 18:03:48,641:INFO:main:welcome to main log]
[2025-01-19 18:04:16,339:INFO:main:welcome to custom log]
[2025-01-20 17:02:46,066:INFO:common:yaml file: config\config.yaml loaded successfully]
[2025-01-20 17:02:46,079:INFO:common:yaml file: params.yaml loaded successfully]
[2025-01-20 17:03:04,391:INFO:common:yaml file: config\config.yaml loaded successfully]
[2025-01-20 17:03:04,394:INFO:common:yaml file: params.yaml loaded successfully]
[2025-01-20 17:03:04,395:INFO:common:created directory at :artifacts]
[2025-01-20 17:03:04,396:INFO:741498087:Downlading data from https://drive.google.com/file/d/1yXVQRrUoPNWYxEqpvLy-OmSF40quWeSv/view?usp=sharing into file artifacts/data_ingestion/data.zip]
[2025-01-20 17:03:11,778:INFO:741498087:Downloaded data from https://drive.google.com/file/d/1yXVQRrUoPNWYxEqpvLy-OmSF40quWeSv/view?usp=sharing into file artifacts/data_ingestion/data.zip]
[2025-01-20 17:07:34,822:INFO:common:yaml file: config\config.yaml loaded successfully]
[2025-01-20 17:07:34,824:INFO:common:yaml file: params.yaml loaded successfully]
[2025-01-20 17:07:34,825:INFO:common:created directory at :artifacts]
[2025-01-20 17:07:34,826:INFO:741498087:Downlading data from https://drive.google.com/file/d/1yXVQRrUoPNWYxEqpvLy-OmSF40quWeSv/view?usp=sharing into file artifacts/data_ingestion/data.zip]
[2025-01-20 17:07:43,599:INFO:741498087:Downloaded data from https://drive.google.com/file/d/1yXVQRrUoPNWYxEqpvLy-OmSF40quWeSv/view?usp=sharing into file artifacts/data_ingestion/data.zip]
[2025-01-20 17:20:29,704:INFO:common:yaml file: config\config.yaml loaded successfully]
[2025-01-20 17:20:29,707:INFO:common:yaml file: params.yaml loaded successfully]
[2025-01-20 17:20:29,709:INFO:common:created directory at :artifacts]
[2025-01-20 17:20:29,710:INFO:1183474613:Downlading data from https://drive.google.com/file/d/1yXVQRrUoPNWYxEqpvLy-OmSF40quWeSv/view?usp=sharing into file artifacts/data_ingestion/data.zip]
[2025-01-20 17:20:36,608:INFO:1183474613:Downloaded data from https://drive.google.com/file/d/1yXVQRrUoPNWYxEqpvLy-OmSF40quWeSv/view?usp=sharing into file artifacts/data_ingestion/data.zip]
[2025-01-20 17:20:50,078:INFO:common:yaml file: config\config.yaml loaded successfully]
[2025-01-20 17:20:50,079:INFO:common:yaml file: params.yaml loaded successfully]
[2025-01-20 17:20:50,080:INFO:common:created directory at :artifacts]
[2025-01-20 17:20:50,081:INFO:1183474613:Downlading data from https://drive.google.com/file/d/1yXVQRrUoPNWYxEqpvLy-OmSF40quWeSv/view?usp=sharing into file artifacts/data_ingestion/data.zip]
[2025-01-20 17:20:58,251:INFO:1183474613:Downloaded data from https://drive.google.com/file/d/1yXVQRrUoPNWYxEqpvLy-OmSF40quWeSv/view?usp=sharing into file artifacts/data_ingestion/data.zip]
[2025-01-20 17:52:41,574:INFO:common:yaml file: config\config.yaml loaded successfully]
[2025-01-20 17:52:41,577:INFO:common:yaml file: params.yaml loaded successfully]
[2025-01-20 17:52:41,577:INFO:common:created directory at :artifacts]
[2025-01-20 17:54:15,551:INFO:common:yaml file: config\config.yaml loaded successfully]
[2025-01-20 17:54:15,553:INFO:common:yaml file: params.yaml loaded successfully]
[2025-01-20 17:54:15,554:INFO:common:created directory at :artifacts]
[2025-01-20 17:54:15,555:INFO:2792126190:File already exists of size: ~123018 KB]
[2025-01-20 17:55:21,108:INFO:common:yaml file: config\config.yaml loaded successfully]
[2025-01-20 17:55:21,111:INFO:common:yaml file: params.yaml loaded successfully]
[2025-01-20 17:55:21,111:INFO:common:created directory at :artifacts]
[2025-01-20 17:55:21,113:INFO:2792126190:Downlading data from https://drive.google.com/file/d/1yXVQRrUoPNWYxEqpvLy-OmSF40quWeSv/view?usp=sharing into file artifacts/data_ingestion/data.zip]
[2025-01-20 17:55:27,998:INFO:2792126190:Downloaded data from https://drive.google.com/file/d/1yXVQRrUoPNWYxEqpvLy-OmSF40quWeSv/view?usp=sharing into file artifacts/data_ingestion/data.zip]
[2025-01-20 18:16:14,757:INFO:main:>>>> stage DATA INGESTION STAGE started <<<<]
[2025-01-20 18:16:14,760:INFO:common:yaml file: config\config.yaml loaded successfully]
[2025-01-20 18:16:14,760:INFO:common:yaml file: params.yaml loaded successfully]
[2025-01-20 18:16:14,761:INFO:common:created directory at :artifacts]
[2025-01-20 18:16:14,761:INFO:data_ingestion:Downlading data from https://drive.google.com/file/d/1yXVQRrUoPNWYxEqpvLy-OmSF40quWeSv/view?usp=sharing into file artifacts/data_ingestion/data.zip]
[2025-01-20 18:16:20,892:INFO:data_ingestion:Downloaded data from https://drive.google.com/file/d/1yXVQRrUoPNWYxEqpvLy-OmSF40quWeSv/view?usp=sharing into file artifacts/data_ingestion/data.zip]
[2025-01-20 18:16:29,414:INFO:data_ingestion:Extracted the zip file contents]
[2025-01-20 18:16:29,415:INFO:main:>>>> stage DATA INGESTION STAGE completed <<<< 

 x==========x]
[2025-01-20 21:02:49,403:INFO:common:yaml file: config\config.yaml loaded successfully]
[2025-01-20 21:02:49,407:INFO:common:yaml file: params.yaml loaded successfully]
[2025-01-20 21:02:49,408:INFO:common:created directory at :artifacts]
[2025-01-20 21:02:49,410:INFO:common:created directory at :artifacts/prepare_base_model]
[2025-01-21 05:50:33,517:INFO:common:yaml file: config\config.yaml loaded successfully]
[2025-01-21 05:50:33,525:INFO:common:yaml file: params.yaml loaded successfully]
[2025-01-21 05:50:33,527:INFO:common:created directory at :artifacts]
[2025-01-21 05:50:33,530:INFO:common:created directory at :artifacts/prepare_base_model]
[2025-01-21 05:51:07,541:INFO:common:yaml file: config\config.yaml loaded successfully]
[2025-01-21 05:51:07,544:INFO:common:yaml file: params.yaml loaded successfully]
[2025-01-21 05:51:07,546:INFO:common:created directory at :artifacts]
[2025-01-21 05:51:07,548:INFO:common:created directory at :artifacts/prepare_base_model]
[2025-01-21 05:51:08,065:WARNING:saving_api:You are saving your model as an HDF5 file via `model.save()` or `keras.saving.save_model(model)`. This file format is considered legacy. We recommend using instead the native Keras format, e.g. `model.save('my_model.keras')` or `keras.saving.save_model(model, 'my_model.keras')`. ]
[2025-01-21 05:52:45,738:INFO:common:yaml file: config\config.yaml loaded successfully]
[2025-01-21 05:52:45,743:INFO:common:yaml file: params.yaml loaded successfully]
[2025-01-21 05:52:45,744:INFO:common:created directory at :artifacts]
[2025-01-21 05:52:45,746:INFO:common:created directory at :artifacts/prepare_base_model]
[2025-01-21 05:52:45,988:WARNING:saving_api:You are saving your model as an HDF5 file via `model.save()` or `keras.saving.save_model(model)`. This file format is considered legacy. We recommend using instead the native Keras format, e.g. `model.save('my_model.keras')` or `keras.saving.save_model(model, 'my_model.keras')`. ]
[2025-01-21 05:54:15,019:INFO:common:yaml file: config\config.yaml loaded successfully]
[2025-01-21 05:54:15,021:INFO:common:yaml file: params.yaml loaded successfully]
[2025-01-21 05:54:15,023:INFO:common:created directory at :artifacts]
[2025-01-21 05:54:15,024:INFO:common:created directory at :artifacts/prepare_base_model]
[2025-01-21 05:54:15,297:WARNING:saving_api:You are saving your model as an HDF5 file via `model.save()` or `keras.saving.save_model(model)`. This file format is considered legacy. We recommend using instead the native Keras format, e.g. `model.save('my_model.keras')` or `keras.saving.save_model(model, 'my_model.keras')`. ]
[2025-01-21 05:54:15,473:WARNING:saving_api:You are saving your model as an HDF5 file via `model.save()` or `keras.saving.save_model(model)`. This file format is considered legacy. We recommend using instead the native Keras format, e.g. `model.save('my_model.keras')` or `keras.saving.save_model(model, 'my_model.keras')`. ]
[2025-01-21 07:54:03,710:INFO:main:>>>> stage DATA INGESTION STAGE started <<<<]
[2025-01-21 07:54:03,723:INFO:common:yaml file: config\config.yaml loaded successfully]
[2025-01-21 07:54:03,730:INFO:common:yaml file: params.yaml loaded successfully]
[2025-01-21 07:54:03,732:INFO:common:created directory at :artifacts]
[2025-01-21 07:54:03,732:ERROR:main:'ConfigurationManager' object has no attribute 'get_data_ingestion_config']
Traceback (most recent call last):
  File "D:\pythonProjects\FeatherCareOps\main.py", line 12, in <module>
    obj.main()
  File "d:\pythonprojects\feathercareops\src\FeatherCareOps\pipeline\stg_01_data_ingestion.py", line 13, in main
    data_ingestion_config=config.get_data_ingestion_config()
AttributeError: 'ConfigurationManager' object has no attribute 'get_data_ingestion_config'
[2025-01-21 07:55:56,544:INFO:main:>>>> stage DATA INGESTION STAGE started <<<<]
[2025-01-21 07:55:56,547:INFO:common:yaml file: config\config.yaml loaded successfully]
[2025-01-21 07:55:56,549:INFO:common:yaml file: params.yaml loaded successfully]
[2025-01-21 07:55:56,550:INFO:common:created directory at :artifacts]
[2025-01-21 07:55:56,550:INFO:data_ingestion:Downlading data from https://drive.google.com/file/d/1yXVQRrUoPNWYxEqpvLy-OmSF40quWeSv/view?usp=sharing into file artifacts/data_ingestion/data.zip]
[2025-01-21 07:56:03,301:INFO:data_ingestion:Downloaded data from https://drive.google.com/file/d/1yXVQRrUoPNWYxEqpvLy-OmSF40quWeSv/view?usp=sharing into file artifacts/data_ingestion/data.zip]
[2025-01-21 07:56:11,410:INFO:data_ingestion:Extracted the zip file contents]
[2025-01-21 07:56:11,411:INFO:main:>>>> stage DATA INGESTION STAGE completed <<<< 

 x==========x]
[2025-01-21 07:56:11,412:INFO:main:>>>> stage Prepare base model started <<<<]
[2025-01-21 07:56:11,414:INFO:common:yaml file: config\config.yaml loaded successfully]
[2025-01-21 07:56:11,416:INFO:common:yaml file: params.yaml loaded successfully]
[2025-01-21 07:56:11,417:INFO:common:created directory at :artifacts/prepare_base_model]
[2025-01-21 07:56:11,871:WARNING:saving_api:You are saving your model as an HDF5 file via `model.save()` or `keras.saving.save_model(model)`. This file format is considered legacy. We recommend using instead the native Keras format, e.g. `model.save('my_model.keras')` or `keras.saving.save_model(model, 'my_model.keras')`. ]
[2025-01-21 07:56:12,027:WARNING:saving_api:You are saving your model as an HDF5 file via `model.save()` or `keras.saving.save_model(model)`. This file format is considered legacy. We recommend using instead the native Keras format, e.g. `model.save('my_model.keras')` or `keras.saving.save_model(model, 'my_model.keras')`. ]
[2025-01-21 07:56:12,157:INFO:main:>>>> stage Prepare base model completed <<<<

x==========x]
[2025-01-21 08:13:24,355:INFO:main:>>>> stage DATA INGESTION STAGE started <<<<]
[2025-01-21 08:13:24,359:INFO:common:yaml file: config\config.yaml loaded successfully]
[2025-01-21 08:13:24,362:INFO:common:yaml file: params.yaml loaded successfully]
[2025-01-21 08:13:24,363:INFO:common:created directory at :artifacts]
[2025-01-21 08:13:24,364:INFO:data_ingestion:File already exists of size: ~123018 KB]
[2025-01-21 08:13:35,999:INFO:data_ingestion:Extracted the zip file contents]
[2025-01-21 08:13:36,001:INFO:main:>>>> stage DATA INGESTION STAGE completed <<<< 

 x==========x]
[2025-01-21 08:13:36,002:INFO:main:>>>> stage Prepare base model started <<<<]
[2025-01-21 08:13:36,005:INFO:common:yaml file: config\config.yaml loaded successfully]
[2025-01-21 08:13:36,010:INFO:common:yaml file: params.yaml loaded successfully]
[2025-01-21 08:13:36,012:INFO:common:created directory at :artifacts/prepare_base_model]
[2025-01-21 08:13:36,792:WARNING:saving_api:You are saving your model as an HDF5 file via `model.save()` or `keras.saving.save_model(model)`. This file format is considered legacy. We recommend using instead the native Keras format, e.g. `model.save('my_model.keras')` or `keras.saving.save_model(model, 'my_model.keras')`. ]
[2025-01-21 08:13:37,115:WARNING:saving_api:You are saving your model as an HDF5 file via `model.save()` or `keras.saving.save_model(model)`. This file format is considered legacy. We recommend using instead the native Keras format, e.g. `model.save('my_model.keras')` or `keras.saving.save_model(model, 'my_model.keras')`. ]
[2025-01-21 08:13:37,391:INFO:main:>>>> stage Prepare base model completed <<<<

x==========x]
[2025-01-21 09:27:56,590:INFO:main:>>>> stage DATA INGESTION STAGE started <<<<]
[2025-01-21 09:27:56,599:INFO:common:yaml file: config\config.yaml loaded successfully]
[2025-01-21 09:27:56,607:INFO:common:yaml file: params.yaml loaded successfully]
[2025-01-21 09:27:56,609:INFO:common:created directory at :artifacts]
[2025-01-21 09:27:56,610:INFO:data_ingestion:Downlading data from https://drive.google.com/file/d/1yXVQRrUoPNWYxEqpvLy-OmSF40quWeSv/view?usp=sharing into file artifacts/data_ingestion/data.zip]
[2025-01-21 09:28:03,561:INFO:data_ingestion:Downloaded data from https://drive.google.com/file/d/1yXVQRrUoPNWYxEqpvLy-OmSF40quWeSv/view?usp=sharing into file artifacts/data_ingestion/data.zip]
[2025-01-21 09:28:13,895:INFO:data_ingestion:Extracted the zip file contents]
[2025-01-21 09:28:13,897:INFO:main:>>>> stage DATA INGESTION STAGE completed <<<< 

 x==========x]
[2025-01-21 09:28:13,897:INFO:main:>>>> stage Prepare base model started <<<<]
[2025-01-21 09:28:13,902:INFO:common:yaml file: config\config.yaml loaded successfully]
[2025-01-21 09:28:13,906:INFO:common:yaml file: params.yaml loaded successfully]
[2025-01-21 09:28:13,908:INFO:common:created directory at :artifacts/prepare_base_model]
[2025-01-21 09:28:14,385:WARNING:saving_api:You are saving your model as an HDF5 file via `model.save()` or `keras.saving.save_model(model)`. This file format is considered legacy. We recommend using instead the native Keras format, e.g. `model.save('my_model.keras')` or `keras.saving.save_model(model, 'my_model.keras')`. ]
[2025-01-21 09:28:14,615:WARNING:saving_api:You are saving your model as an HDF5 file via `model.save()` or `keras.saving.save_model(model)`. This file format is considered legacy. We recommend using instead the native Keras format, e.g. `model.save('my_model.keras')` or `keras.saving.save_model(model, 'my_model.keras')`. ]
[2025-01-21 09:28:14,727:INFO:main:>>>> stage Prepare base model completed <<<<

x==========x]
[2025-01-21 10:54:07,795:INFO:common:yaml file: config\config.yaml loaded successfully]
[2025-01-21 10:54:07,799:INFO:common:yaml file: params.yaml loaded successfully]
[2025-01-21 10:54:07,800:INFO:common:created directory at :artifacts]
[2025-01-21 10:57:49,967:INFO:common:yaml file: config\config.yaml loaded successfully]
[2025-01-21 10:57:49,970:INFO:common:yaml file: params.yaml loaded successfully]
[2025-01-21 10:57:49,972:INFO:common:created directory at :artifacts]
[2025-01-21 10:58:49,802:INFO:common:yaml file: config\config.yaml loaded successfully]
[2025-01-21 10:58:49,805:INFO:common:yaml file: params.yaml loaded successfully]
[2025-01-21 10:58:49,807:INFO:common:created directory at :artifacts]
[2025-01-21 10:58:49,808:INFO:common:created directory at :artifacts\prepare_callbacks\checkpoint_dir]
[2025-01-21 10:58:49,809:INFO:common:created directory at :artifacts\prepare_callbacks\tensorboard_log_dir]
[2025-01-21 11:00:01,553:INFO:common:yaml file: config\config.yaml loaded successfully]
[2025-01-21 11:00:01,558:INFO:common:yaml file: params.yaml loaded successfully]
[2025-01-21 11:00:01,559:INFO:common:created directory at :artifacts]
[2025-01-21 11:00:01,561:INFO:common:created directory at :artifacts\prepare_callbacks\checkpoint_dir]
[2025-01-21 11:00:01,562:INFO:common:created directory at :artifacts\prepare_callbacks\tensorboard_log_dir]
[2025-01-21 11:00:27,372:INFO:common:yaml file: config\config.yaml loaded successfully]
[2025-01-21 11:00:27,376:INFO:common:yaml file: params.yaml loaded successfully]
[2025-01-21 11:00:27,377:INFO:common:created directory at :artifacts]
[2025-01-21 11:00:27,378:INFO:common:created directory at :artifacts\prepare_callbacks\checkpoint_dir]
[2025-01-21 11:00:27,379:INFO:common:created directory at :artifacts\prepare_callbacks\tensorboard_log_dir]
[2025-01-21 11:10:36,291:INFO:common:yaml file: config\config.yaml loaded successfully]
[2025-01-21 11:10:36,294:INFO:common:yaml file: params.yaml loaded successfully]
[2025-01-21 11:10:36,296:INFO:common:created directory at :artifacts]
[2025-01-21 11:10:36,297:INFO:common:created directory at :artifacts\prepare_callbacks\checkpoint_dir]
[2025-01-21 11:10:36,298:INFO:common:created directory at :artifacts\prepare_callbacks\tensorboard_log_dir]
[2025-01-22 11:59:34,494:INFO:common:yaml file: config\config.yaml loaded successfully]
[2025-01-22 11:59:34,509:INFO:common:yaml file: params.yaml loaded successfully]
[2025-01-22 11:59:34,510:INFO:common:created directory at :artifacts]
[2025-01-22 11:59:34,512:INFO:common:created directory at :artifacts\prepare_callbacks\checkpoint_dir]
[2025-01-22 11:59:34,513:INFO:common:created directory at :artifacts\prepare_callbacks\tensorboard_log_dir]
[2025-01-22 11:59:34,515:INFO:common:created directory at :artifacts\training]
[2025-01-22 13:07:01,899:INFO:common:yaml file: config\config.yaml loaded successfully]
[2025-01-22 13:07:01,902:INFO:common:yaml file: params.yaml loaded successfully]
[2025-01-22 13:07:01,903:INFO:common:created directory at :artifacts]
[2025-01-22 13:07:01,903:INFO:common:created directory at :artifacts\prepare_callbacks\checkpoint_dir]
[2025-01-22 13:07:01,904:INFO:common:created directory at :artifacts\prepare_callbacks\tensorboard_log_dir]
[2025-01-22 13:07:01,906:INFO:common:created directory at :artifacts\training]
[2025-01-22 13:07:02,230:WARNING:saving_utils:Compiled the loaded model, but the compiled metrics have yet to be built. `model.compile_metrics` will be empty until you train or evaluate the model.]
[2025-01-22 13:09:22,632:INFO:common:yaml file: config\config.yaml loaded successfully]
[2025-01-22 13:09:22,641:INFO:common:yaml file: params.yaml loaded successfully]
[2025-01-22 13:09:22,642:INFO:common:created directory at :artifacts]
[2025-01-22 13:09:22,644:INFO:common:created directory at :artifacts\prepare_callbacks\checkpoint_dir]
[2025-01-22 13:09:22,645:INFO:common:created directory at :artifacts\prepare_callbacks\tensorboard_log_dir]
[2025-01-22 13:09:22,647:INFO:common:created directory at :artifacts\training]
[2025-01-22 13:09:22,974:WARNING:saving_utils:Compiled the loaded model, but the compiled metrics have yet to be built. `model.compile_metrics` will be empty until you train or evaluate the model.]
[2025-01-22 13:11:43,547:INFO:common:yaml file: config\config.yaml loaded successfully]
[2025-01-22 13:11:43,551:INFO:common:yaml file: params.yaml loaded successfully]
[2025-01-22 13:11:43,552:INFO:common:created directory at :artifacts]
[2025-01-22 13:11:43,555:INFO:common:created directory at :artifacts\prepare_callbacks\checkpoint_dir]
[2025-01-22 13:11:43,556:INFO:common:created directory at :artifacts\prepare_callbacks\tensorboard_log_dir]
[2025-01-22 13:11:43,558:INFO:common:created directory at :artifacts\training]
[2025-01-22 13:11:43,866:WARNING:saving_utils:Compiled the loaded model, but the compiled metrics have yet to be built. `model.compile_metrics` will be empty until you train or evaluate the model.]
[2025-01-22 13:29:36,721:INFO:common:yaml file: config\config.yaml loaded successfully]
[2025-01-22 13:29:36,725:INFO:common:yaml file: params.yaml loaded successfully]
[2025-01-22 13:29:36,726:INFO:common:created directory at :artifacts]
[2025-01-22 13:29:36,728:INFO:common:created directory at :artifacts\prepare_callbacks\checkpoint_dir]
[2025-01-22 13:29:36,730:INFO:common:created directory at :artifacts\prepare_callbacks\tensorboard_log_dir]
[2025-01-22 13:29:36,731:INFO:common:created directory at :artifacts\training]
[2025-01-22 13:29:37,066:WARNING:saving_utils:Compiled the loaded model, but the compiled metrics have yet to be built. `model.compile_metrics` will be empty until you train or evaluate the model.]
[2025-01-22 13:32:23,069:INFO:common:yaml file: config\config.yaml loaded successfully]
[2025-01-22 13:32:23,076:INFO:common:yaml file: params.yaml loaded successfully]
[2025-01-22 13:32:23,078:INFO:common:created directory at :artifacts]
[2025-01-22 13:32:23,081:INFO:common:created directory at :artifacts\prepare_callbacks\checkpoint_dir]
[2025-01-22 13:32:23,083:INFO:common:created directory at :artifacts\prepare_callbacks\tensorboard_log_dir]
[2025-01-22 13:32:23,086:INFO:common:created directory at :artifacts\training]
[2025-01-22 13:32:23,261:WARNING:saving_utils:Compiled the loaded model, but the compiled metrics have yet to be built. `model.compile_metrics` will be empty until you train or evaluate the model.]
[2025-01-22 13:32:41,157:INFO:common:yaml file: config\config.yaml loaded successfully]
[2025-01-22 13:32:41,160:INFO:common:yaml file: params.yaml loaded successfully]
[2025-01-22 13:32:41,162:INFO:common:created directory at :artifacts]
[2025-01-22 13:32:41,164:INFO:common:created directory at :artifacts\prepare_callbacks\checkpoint_dir]
[2025-01-22 13:32:41,165:INFO:common:created directory at :artifacts\prepare_callbacks\tensorboard_log_dir]
[2025-01-22 13:32:41,167:INFO:common:created directory at :artifacts\training]
[2025-01-22 13:32:41,455:WARNING:saving_utils:Compiled the loaded model, but the compiled metrics have yet to be built. `model.compile_metrics` will be empty until you train or evaluate the model.]
[2025-01-22 13:35:37,188:INFO:common:yaml file: config\config.yaml loaded successfully]
[2025-01-22 13:35:37,194:INFO:common:yaml file: params.yaml loaded successfully]
[2025-01-22 13:35:37,196:INFO:common:created directory at :artifacts]
[2025-01-22 13:35:37,197:INFO:common:created directory at :artifacts\prepare_callbacks\checkpoint_dir]
[2025-01-22 13:35:37,199:INFO:common:created directory at :artifacts\prepare_callbacks\tensorboard_log_dir]
[2025-01-22 13:35:37,202:INFO:common:created directory at :artifacts\training]
[2025-01-22 13:35:37,508:WARNING:saving_utils:Compiled the loaded model, but the compiled metrics have yet to be built. `model.compile_metrics` will be empty until you train or evaluate the model.]
[2025-01-22 14:43:10,601:INFO:common:yaml file: config\config.yaml loaded successfully]
[2025-01-22 14:43:10,609:INFO:common:yaml file: params.yaml loaded successfully]
[2025-01-22 14:43:10,611:INFO:common:created directory at :artifacts]
[2025-01-22 14:43:10,613:INFO:common:created directory at :artifacts\prepare_callbacks\checkpoint_dir]
[2025-01-22 14:43:10,614:INFO:common:created directory at :artifacts\prepare_callbacks\tensorboard_log_dir]
[2025-01-22 14:43:10,615:INFO:common:created directory at :artifacts\training]
[2025-01-22 14:43:10,916:WARNING:saving_utils:Compiled the loaded model, but the compiled metrics have yet to be built. `model.compile_metrics` will be empty until you train or evaluate the model.]
[2025-01-22 18:51:40,010:INFO:common:yaml file: config\config.yaml loaded successfully]
[2025-01-22 18:51:40,014:INFO:common:yaml file: params.yaml loaded successfully]
[2025-01-22 18:51:40,017:INFO:common:created directory at :artifacts]
[2025-01-22 18:51:40,019:INFO:common:created directory at :artifacts\prepare_callbacks\checkpoint_dir]
[2025-01-22 18:51:40,020:INFO:common:created directory at :artifacts\prepare_callbacks\tensorboard_log_dir]
[2025-01-22 18:51:40,022:INFO:common:created directory at :artifacts\training]
[2025-01-22 18:51:40,588:WARNING:saving_utils:Compiled the loaded model, but the compiled metrics have yet to be built. `model.compile_metrics` will be empty until you train or evaluate the model.]
[2025-01-22 18:53:11,038:INFO:common:yaml file: config\config.yaml loaded successfully]
[2025-01-22 18:53:11,042:INFO:common:yaml file: params.yaml loaded successfully]
[2025-01-22 18:53:11,044:INFO:common:created directory at :artifacts]
[2025-01-22 18:53:11,046:INFO:common:created directory at :artifacts\prepare_callbacks\checkpoint_dir]
[2025-01-22 18:53:11,047:INFO:common:created directory at :artifacts\prepare_callbacks\tensorboard_log_dir]
[2025-01-22 18:53:11,048:INFO:common:created directory at :artifacts\training]
[2025-01-22 18:53:11,187:WARNING:saving_utils:Compiled the loaded model, but the compiled metrics have yet to be built. `model.compile_metrics` will be empty until you train or evaluate the model.]
[2025-01-22 18:54:34,682:WARNING:module_wrapper:From C:\Users\26amr\AppData\Local\Temp\ipykernel_29492\3467855038.py:3: The name tf.disable_v2_behavior is deprecated. Please use tf.compat.v1.disable_v2_behavior instead.
]
[2025-01-22 18:54:34,683:WARNING:deprecation:From C:\Users\26amr\AppData\Roaming\Python\Python310\site-packages\tensorflow\python\compat\v2_compat.py:98: disable_resource_variables (from tensorflow.python.ops.resource_variables_toggle) is deprecated and will be removed in a future version.
Instructions for updating:
non-resource variables are not supported in the long term]
[2025-01-22 18:54:39,638:INFO:common:yaml file: config\config.yaml loaded successfully]
[2025-01-22 18:54:39,640:INFO:common:yaml file: params.yaml loaded successfully]
[2025-01-22 18:54:39,641:INFO:common:created directory at :artifacts]
[2025-01-22 18:54:39,642:INFO:common:created directory at :artifacts\prepare_callbacks\checkpoint_dir]
[2025-01-22 18:54:39,643:INFO:common:created directory at :artifacts\prepare_callbacks\tensorboard_log_dir]
[2025-01-22 18:54:39,645:INFO:common:created directory at :artifacts\training]
[2025-01-22 18:54:40,217:WARNING:saving_utils:Compiled the loaded model, but the compiled metrics have yet to be built. `model.compile_metrics` will be empty until you train or evaluate the model.]
[2025-01-22 18:55:06,870:INFO:common:yaml file: config\config.yaml loaded successfully]
[2025-01-22 18:55:06,874:INFO:common:yaml file: params.yaml loaded successfully]
[2025-01-22 18:55:06,876:INFO:common:created directory at :artifacts]
[2025-01-22 18:55:06,878:INFO:common:created directory at :artifacts\prepare_callbacks\checkpoint_dir]
[2025-01-22 18:55:06,879:INFO:common:created directory at :artifacts\prepare_callbacks\tensorboard_log_dir]
[2025-01-22 18:55:06,880:INFO:common:created directory at :artifacts\training]
[2025-01-22 18:55:07,113:WARNING:saving_utils:Compiled the loaded model, but the compiled metrics have yet to be built. `model.compile_metrics` will be empty until you train or evaluate the model.]
[2025-01-22 19:01:00,587:INFO:common:yaml file: config\config.yaml loaded successfully]
[2025-01-22 19:01:00,590:INFO:common:yaml file: params.yaml loaded successfully]
[2025-01-22 19:01:00,592:INFO:common:created directory at :artifacts]
[2025-01-22 19:01:00,594:INFO:common:created directory at :artifacts\prepare_callbacks\checkpoint_dir]
[2025-01-22 19:01:00,596:INFO:common:created directory at :artifacts\prepare_callbacks\tensorboard_log_dir]
[2025-01-22 19:01:00,597:INFO:common:created directory at :artifacts\training]
[2025-01-22 19:01:54,249:INFO:common:yaml file: config\config.yaml loaded successfully]
[2025-01-22 19:01:54,252:INFO:common:yaml file: params.yaml loaded successfully]
[2025-01-22 19:01:54,254:INFO:common:created directory at :artifacts]
[2025-01-22 19:01:54,255:INFO:common:created directory at :artifacts\prepare_callbacks\checkpoint_dir]
[2025-01-22 19:01:54,256:INFO:common:created directory at :artifacts\prepare_callbacks\tensorboard_log_dir]
[2025-01-22 19:01:54,257:INFO:common:created directory at :artifacts\training]
[2025-01-22 19:12:15,306:INFO:common:yaml file: config\config.yaml loaded successfully]
[2025-01-22 19:12:15,308:INFO:common:yaml file: params.yaml loaded successfully]
[2025-01-22 19:12:15,309:INFO:common:created directory at :artifacts]
[2025-01-22 19:12:15,311:INFO:common:created directory at :artifacts\prepare_callbacks\checkpoint_dir]
[2025-01-22 19:12:15,311:INFO:common:created directory at :artifacts\prepare_callbacks\tensorboard_log_dir]
[2025-01-22 19:12:15,313:INFO:common:created directory at :artifacts\training]
[2025-01-22 19:12:15,551:WARNING:saving_utils:Compiled the loaded model, but the compiled metrics have yet to be built. `model.compile_metrics` will be empty until you train or evaluate the model.]
[2025-01-22 19:13:54,291:INFO:common:yaml file: config\config.yaml loaded successfully]
[2025-01-22 19:13:54,295:INFO:common:yaml file: params.yaml loaded successfully]
[2025-01-22 19:13:54,296:INFO:common:created directory at :artifacts]
[2025-01-22 19:13:54,297:INFO:common:created directory at :artifacts\prepare_callbacks\checkpoint_dir]
[2025-01-22 19:13:54,299:INFO:common:created directory at :artifacts\prepare_callbacks\tensorboard_log_dir]
[2025-01-22 19:15:50,953:INFO:common:yaml file: config\config.yaml loaded successfully]
[2025-01-22 19:15:50,956:INFO:common:yaml file: params.yaml loaded successfully]
[2025-01-22 19:15:50,958:INFO:common:created directory at :artifacts]
[2025-01-22 19:15:50,959:INFO:common:created directory at :artifacts\prepare_callbacks\checkpoint_dir]
[2025-01-22 19:15:50,960:INFO:common:created directory at :artifacts\prepare_callbacks\tensorboard_log_dir]
[2025-01-22 19:18:20,828:INFO:common:yaml file: config\config.yaml loaded successfully]
[2025-01-22 19:18:20,831:INFO:common:yaml file: params.yaml loaded successfully]
[2025-01-22 19:18:20,833:INFO:common:created directory at :artifacts]
[2025-01-22 19:18:20,833:INFO:common:created directory at :artifacts\prepare_callbacks\checkpoint_dir]
[2025-01-22 19:18:20,835:INFO:common:created directory at :artifacts\prepare_callbacks\tensorboard_log_dir]
[2025-01-22 19:18:20,836:INFO:common:created directory at :artifacts\training]
[2025-01-22 19:18:21,158:WARNING:saving_utils:Compiled the loaded model, but the compiled metrics have yet to be built. `model.compile_metrics` will be empty until you train or evaluate the model.]
[2025-01-22 19:23:41,394:INFO:common:yaml file: config\config.yaml loaded successfully]
[2025-01-22 19:23:41,396:INFO:common:yaml file: params.yaml loaded successfully]
[2025-01-22 19:23:41,398:INFO:common:created directory at :artifacts]
[2025-01-22 19:23:41,398:INFO:common:created directory at :artifacts\prepare_callbacks\checkpoint_dir]
[2025-01-22 19:23:41,400:INFO:common:created directory at :artifacts\prepare_callbacks\tensorboard_log_dir]
[2025-01-22 19:23:41,401:INFO:common:created directory at :artifacts\training]
[2025-01-22 19:23:41,540:WARNING:saving_utils:Compiled the loaded model, but the compiled metrics have yet to be built. `model.compile_metrics` will be empty until you train or evaluate the model.]
[2025-01-22 19:26:25,593:INFO:common:yaml file: config\config.yaml loaded successfully]
[2025-01-22 19:26:25,596:INFO:common:yaml file: params.yaml loaded successfully]
[2025-01-22 19:26:25,597:INFO:common:created directory at :artifacts]
[2025-01-22 19:26:25,598:INFO:common:created directory at :artifacts\prepare_callbacks\checkpoint_dir]
[2025-01-22 19:26:25,599:INFO:common:created directory at :artifacts\prepare_callbacks\tensorboard_log_dir]
[2025-01-22 19:26:25,600:INFO:common:created directory at :artifacts\training]
[2025-01-22 19:26:25,878:WARNING:saving_utils:Compiled the loaded model, but the compiled metrics have yet to be built. `model.compile_metrics` will be empty until you train or evaluate the model.]
[2025-01-22 19:30:07,052:INFO:common:yaml file: config\config.yaml loaded successfully]
[2025-01-22 19:30:07,056:INFO:common:yaml file: params.yaml loaded successfully]
[2025-01-22 19:30:07,057:INFO:common:created directory at :artifacts]
[2025-01-22 19:30:07,059:INFO:common:created directory at :artifacts\prepare_callbacks\checkpoint_dir]
[2025-01-22 19:30:07,060:INFO:common:created directory at :artifacts\prepare_callbacks\tensorboard_log_dir]
[2025-01-22 19:30:07,061:INFO:common:created directory at :artifacts\training]
[2025-01-22 19:30:07,213:WARNING:saving_utils:Compiled the loaded model, but the compiled metrics have yet to be built. `model.compile_metrics` will be empty until you train or evaluate the model.]
[2025-01-22 19:35:59,622:INFO:common:yaml file: config\config.yaml loaded successfully]
[2025-01-22 19:35:59,624:INFO:common:yaml file: params.yaml loaded successfully]
[2025-01-22 19:35:59,627:INFO:common:created directory at :artifacts]
[2025-01-22 19:35:59,628:INFO:common:created directory at :artifacts\prepare_callbacks\checkpoint_dir]
[2025-01-22 19:35:59,629:INFO:common:created directory at :artifacts\prepare_callbacks\tensorboard_log_dir]
[2025-01-22 19:35:59,630:INFO:common:created directory at :artifacts\training]
[2025-01-22 19:35:59,890:WARNING:saving_utils:Compiled the loaded model, but the compiled metrics have yet to be built. `model.compile_metrics` will be empty until you train or evaluate the model.]
[2025-01-22 19:50:35,955:INFO:common:yaml file: config\config.yaml loaded successfully]
[2025-01-22 19:50:35,958:INFO:common:yaml file: params.yaml loaded successfully]
[2025-01-22 19:50:35,959:INFO:common:created directory at :artifacts]
[2025-01-22 19:50:35,959:INFO:common:created directory at :artifacts\prepare_callbacks\checkpoint_dir]
[2025-01-22 19:50:35,960:INFO:common:created directory at :artifacts\prepare_callbacks\tensorboard_log_dir]
[2025-01-22 19:50:35,962:INFO:common:created directory at :artifacts\training]
[2025-01-22 19:50:36,159:WARNING:saving_utils:Compiled the loaded model, but the compiled metrics have yet to be built. `model.compile_metrics` will be empty until you train or evaluate the model.]
[2025-01-22 19:56:34,576:INFO:common:yaml file: config\config.yaml loaded successfully]
[2025-01-22 19:56:34,579:INFO:common:yaml file: params.yaml loaded successfully]
[2025-01-22 19:56:34,580:INFO:common:created directory at :artifacts]
[2025-01-22 19:56:34,581:INFO:common:created directory at :artifacts\prepare_callbacks\checkpoint_dir]
[2025-01-22 19:56:34,581:INFO:common:created directory at :artifacts\prepare_callbacks\tensorboard_log_dir]
[2025-01-22 19:56:34,582:INFO:common:created directory at :artifacts\training]
[2025-01-22 19:56:34,673:WARNING:saving_utils:Compiled the loaded model, but the compiled metrics have yet to be built. `model.compile_metrics` will be empty until you train or evaluate the model.]
[2025-01-22 20:00:42,194:INFO:common:yaml file: config\config.yaml loaded successfully]
[2025-01-22 20:00:42,200:INFO:common:yaml file: params.yaml loaded successfully]
[2025-01-22 20:00:42,201:INFO:common:created directory at :artifacts]
[2025-01-22 20:00:42,202:INFO:common:created directory at :artifacts\prepare_callbacks\checkpoint_dir]
[2025-01-22 20:00:42,203:INFO:common:created directory at :artifacts\prepare_callbacks\tensorboard_log_dir]
[2025-01-22 20:00:42,204:INFO:common:created directory at :artifacts\training]
[2025-01-22 20:00:42,356:WARNING:saving_utils:Compiled the loaded model, but the compiled metrics have yet to be built. `model.compile_metrics` will be empty until you train or evaluate the model.]
[2025-01-22 20:01:12,822:INFO:common:yaml file: config\config.yaml loaded successfully]
[2025-01-22 20:01:12,825:INFO:common:yaml file: params.yaml loaded successfully]
[2025-01-22 20:01:12,826:INFO:common:created directory at :artifacts]
[2025-01-22 20:01:12,826:INFO:common:created directory at :artifacts\prepare_callbacks\checkpoint_dir]
[2025-01-22 20:01:12,827:INFO:common:created directory at :artifacts\prepare_callbacks\tensorboard_log_dir]
[2025-01-22 20:01:12,828:INFO:common:created directory at :artifacts\training]
[2025-01-22 20:01:12,913:WARNING:saving_utils:Compiled the loaded model, but the compiled metrics have yet to be built. `model.compile_metrics` will be empty until you train or evaluate the model.]
[2025-01-22 20:22:11,475:INFO:common:yaml file: config\config.yaml loaded successfully]
[2025-01-22 20:22:11,477:INFO:common:yaml file: params.yaml loaded successfully]
[2025-01-22 20:22:11,478:INFO:common:created directory at :artifacts]
[2025-01-22 20:22:11,479:INFO:common:created directory at :artifacts\prepare_callbacks\checkpoint_dir]
[2025-01-22 20:22:11,479:INFO:common:created directory at :artifacts\prepare_callbacks\tensorboard_log_dir]
[2025-01-22 20:22:11,480:INFO:common:created directory at :artifacts\training]
[2025-01-22 20:22:55,135:INFO:common:yaml file: config\config.yaml loaded successfully]
[2025-01-22 20:22:55,137:INFO:common:yaml file: params.yaml loaded successfully]
[2025-01-22 20:22:55,138:INFO:common:created directory at :artifacts]
[2025-01-22 20:22:55,138:INFO:common:created directory at :artifacts\prepare_callbacks\checkpoint_dir]
[2025-01-22 20:22:55,139:INFO:common:created directory at :artifacts\prepare_callbacks\tensorboard_log_dir]
[2025-01-22 20:22:55,140:INFO:common:created directory at :artifacts\training]
[2025-01-22 22:17:29,425:INFO:common:yaml file: config\config.yaml loaded successfully]
[2025-01-22 22:17:29,430:INFO:common:yaml file: params.yaml loaded successfully]
[2025-01-22 22:17:29,431:INFO:common:created directory at :artifacts]
[2025-01-22 22:17:29,433:INFO:common:created directory at :artifacts\prepare_callbacks\checkpoint_dir]
[2025-01-22 22:17:29,434:INFO:common:created directory at :artifacts\prepare_callbacks\tensorboard_log_dir]
[2025-01-22 22:17:29,436:INFO:common:created directory at :artifacts\training]
[2025-01-22 22:23:45,890:INFO:common:yaml file: config\config.yaml loaded successfully]
[2025-01-22 22:23:45,894:INFO:common:yaml file: params.yaml loaded successfully]
[2025-01-22 22:23:45,896:INFO:common:created directory at :artifacts]
[2025-01-22 22:23:45,897:INFO:common:created directory at :artifacts/prepare_base_model]
[2025-01-22 22:23:46,482:WARNING:saving_utils:Compiled the loaded model, but the compiled metrics have yet to be built. `model.compile_metrics` will be empty until you train or evaluate the model.]
[2025-01-22 22:24:15,660:INFO:common:yaml file: config\config.yaml loaded successfully]
[2025-01-22 22:24:15,663:INFO:common:yaml file: params.yaml loaded successfully]
[2025-01-22 22:24:15,664:INFO:common:created directory at :artifacts]
[2025-01-22 22:24:15,665:INFO:common:created directory at :artifacts\prepare_callbacks\checkpoint_dir]
[2025-01-22 22:24:15,669:INFO:common:created directory at :artifacts\prepare_callbacks\tensorboard_log_dir]
[2025-01-22 22:25:00,634:INFO:common:yaml file: config\config.yaml loaded successfully]
[2025-01-22 22:25:00,637:INFO:common:yaml file: params.yaml loaded successfully]
[2025-01-22 22:25:00,638:INFO:common:created directory at :artifacts]
[2025-01-22 22:25:00,639:INFO:common:created directory at :artifacts\prepare_callbacks\checkpoint_dir]
[2025-01-22 22:25:00,641:INFO:common:created directory at :artifacts\prepare_callbacks\tensorboard_log_dir]
[2025-01-22 22:25:00,642:INFO:common:created directory at :artifacts\training]
